Added Component: Designator=AMS1(SOT223-4N)
Add component (AddParameter): Name = "Value"; Value = "LM317"; VariantName = "[No Variations]"
Added Component: Designator=C1(CN1)
Add component (AddParameter): Name = "Value"; Value = "33pF"; VariantName = "[No Variations]"
Added Component: Designator=C2(CP1/2)
Add component (AddParameter): Name = "Description 1"; Value = "10 => 220uF/6,3V/10V - 10uF => 100uF/16V"; VariantName = "[No Variations]"
Add component (AddParameter): Name = "Description 2"; Value = "0,1uF => 33uF/50V - 10uF => 22uF/63V"; VariantName = "[No Variations]"
Add component (AddParameter): Name = "Description 3"; Value = "0,47uF => 10uF/100V"; VariantName = "[No Variations]"
Add component (AddParameter): Name = "Value"; Value = "10uF/50V"; VariantName = "[No Variations]"
Added Component: Designator=C3(CN1)
Add component (AddParameter): Name = "Value"; Value = "33pF"; VariantName = "[No Variations]"
Added Component: Designator=DS1(LCD_LCD-20X4B)
Add component (AddParameter): Name = "Availability"; Value = "In Stock"; VariantName = "[No Variations]"
Add component (AddParameter): Name = "Check_prices"; Value = "https://www.snapeda.com/parts/LCD-20X4B/Gravitech/view-part/?ref=eda"; VariantName = "[No Variations]"
Add component (AddParameter): Name = "MF"; Value = "Gravitech"; VariantName = "[No Variations]"
Add component (AddParameter): Name = "MP"; Value = "LCD-20X4B"; VariantName = "[No Variations]"
Add component (AddParameter): Name = "Package"; Value = "None"; VariantName = "[No Variations]"
Add component (AddParameter): Name = "Price"; Value = "None"; VariantName = "[No Variations]"
Add component (AddParameter): Name = "Purchase-URL"; Value = "https://pricing.snapeda.com/search/part/LCD-20X4B/?ref=eda"; VariantName = "[No Variations]"
Add component (AddParameter): Name = "SnapEDA_Link"; Value = "https://www.snapeda.com/parts/LCD-20X4B/Gravitech/view-part/?ref=snap"; VariantName = "[No Variations]"
Add component (AddParameter): Name = "Value"; Value = ""; VariantName = "[No Variations]"
Added Component: Designator=J1(JP3)
Add component (AddParameter): Name = "Value"; Value = "J3"; VariantName = "[No Variations]"
Added Component: Designator=JDC1(DC-IN)
Add component (AddParameter): Name = "Value"; Value = "Jac DC"; VariantName = "[No Variations]"
Added Component: Designator=JP1(JP4)
Add component (AddParameter): Name = "Value"; Value = "JP4"; VariantName = "[No Variations]"
Added Component: Designator=JP2(JP6)
Add component (AddParameter): Name = "Value"; Value = "JP7"; VariantName = "[No Variations]"
Added Component: Designator=P1(HDR1X4)
Add component (AddParameter): Name = "LatestRevisionDate"; Value = "17-Jul-2002"; VariantName = "[No Variations]"
Add component (AddParameter): Name = "LatestRevisionNote"; Value = "Re-released for DXP Platform."; VariantName = "[No Variations]"
Add component (AddParameter): Name = "Publisher"; Value = "Altium Limited"; VariantName = "[No Variations]"
Added Component: Designator=P2(HDR1X4)
Add component (AddParameter): Name = "LatestRevisionDate"; Value = "17-Jul-2002"; VariantName = "[No Variations]"
Add component (AddParameter): Name = "LatestRevisionNote"; Value = "Re-released for DXP Platform."; VariantName = "[No Variations]"
Add component (AddParameter): Name = "Publisher"; Value = "Altium Limited"; VariantName = "[No Variations]"
Added Component: Designator=R1(R1/4W)
Add component (AddParameter): Name = "Value"; Value = "R1/4W - 1K"; VariantName = "[No Variations]"
Added Component: Designator=SW1(SW4)
Add component (AddParameter): Name = "Value"; Value = "Button chip 4 pin"; VariantName = "[No Variations]"
Added Component: Designator=U1(STM32)
Added Component: Designator=zigbee 1(zigbee)
Added Pin To Net: NetName=BUTTON Pin=C1-2
Added Pin To Net: NetName=BUTTON Pin=R1-1
Added Pin To Net: NetName=BUTTON Pin=SW1-2
Added Pin To Net: NetName=BUTTON Pin=SW1-4
Added Pin To Net: NetName=BUTTON Pin=U1-12
Added Net: Name=BUTTON
Added Pin To Net: NetName=CS1 Pin=JP2-6
Added Pin To Net: NetName=CS1 Pin=U1-29
Added Net: Name=CS1
Added Pin To Net: NetName=GND Pin=AMS1-1
Added Pin To Net: NetName=GND Pin=C1-1
Added Pin To Net: NetName=GND Pin=C2-2
Added Pin To Net: NetName=GND Pin=C3-1
Added Pin To Net: NetName=GND Pin=J1-2
Added Pin To Net: NetName=GND Pin=JDC1-2
Added Pin To Net: NetName=GND Pin=P1-4
Added Pin To Net: NetName=GND Pin=P2-4
Added Pin To Net: NetName=GND Pin=SW1-1
Added Pin To Net: NetName=GND Pin=SW1-3
Added Pin To Net: NetName=GND Pin=U1-19
Added Pin To Net: NetName=GND Pin=zigbee 1-7
Added Net: Name=GND
Added Pin To Net: NetName=MISO1 Pin=JP2-4
Added Pin To Net: NetName=MISO1 Pin=U1-31
Added Net: Name=MISO1
Added Pin To Net: NetName=MOSI1 Pin=JP2-3
Added Pin To Net: NetName=MOSI1 Pin=U1-32
Added Net: Name=MOSI1
Added Pin To Net: NetName=NetJP1_1 Pin=JP1-1
Added Pin To Net: NetName=NetJP1_1 Pin=U1-4
Added Net: Name=NetJP1_1
Added Pin To Net: NetName=NetJP1_2 Pin=JP1-2
Added Pin To Net: NetName=NetJP1_2 Pin=U1-3
Added Net: Name=NetJP1_2
Added Pin To Net: NetName=NetJP1_3 Pin=JP1-3
Added Pin To Net: NetName=NetJP1_3 Pin=U1-2
Added Net: Name=NetJP1_3
Added Pin To Net: NetName=NetJP1_4 Pin=JP1-4
Added Pin To Net: NetName=NetJP1_4 Pin=U1-1
Added Net: Name=NetJP1_4
Added Pin To Net: NetName=RELAY Pin=JP2-1
Added Pin To Net: NetName=RELAY Pin=U1-25
Added Net: Name=RELAY
Added Pin To Net: NetName=RESET1 Pin=JP2-2
Added Pin To Net: NetName=RESET1 Pin=U1-33
Added Net: Name=RESET1
Added Pin To Net: NetName=RX Pin=U1-6
Added Pin To Net: NetName=RX Pin=zigbee 1-10
Added Net: Name=RX
Added Pin To Net: NetName=SCK1 Pin=JP2-5
Added Pin To Net: NetName=SCK1 Pin=U1-30
Added Net: Name=SCK1
Added Pin To Net: NetName=SCL1 Pin=P1-1
Added Pin To Net: NetName=SCL1 Pin=U1-14
Added Net: Name=SCL1
Added Pin To Net: NetName=SCL2 Pin=P2-1
Added Pin To Net: NetName=SCL2 Pin=U1-35
Added Net: Name=SCL2
Added Pin To Net: NetName=SDA1 Pin=P1-2
Added Pin To Net: NetName=SDA1 Pin=U1-15
Added Net: Name=SDA1
Added Pin To Net: NetName=SDA2 Pin=P2-2
Added Pin To Net: NetName=SDA2 Pin=U1-36
Added Net: Name=SDA2
Added Pin To Net: NetName=TX Pin=U1-7
Added Pin To Net: NetName=TX Pin=zigbee 1-3
Added Net: Name=TX
Added Pin To Net: NetName=VCC3V3 Pin=AMS1-2
Added Pin To Net: NetName=VCC3V3 Pin=C2-1
Added Pin To Net: NetName=VCC3V3 Pin=C3-2
Added Pin To Net: NetName=VCC3V3 Pin=U1-20
Added Pin To Net: NetName=VCC3V3 Pin=U1-38
Added Pin To Net: NetName=VCC3V3 Pin=zigbee 1-6
Added Net: Name=VCC3V3
Added Pin To Net: NetName=VCC Pin=AMS1-3
Added Pin To Net: NetName=VCC Pin=J1-3
Added Pin To Net: NetName=VCC Pin=JDC1-1
Added Pin To Net: NetName=VCC Pin=P1-3
Added Pin To Net: NetName=VCC Pin=P2-3
Added Pin To Net: NetName=VCC Pin=R1-2
Added Net: Name=VCC
Added Class: Name=Node_STM32
